<?xml version="1.0" encoding="UTF-8"?>
<testng-results ignored="0" total="1" passed="1" failed="0" skipped="0">
  <reporter-output>
  </reporter-output>
  <suite started-at="2021-06-14T00:44:24 IST" name="Default suite" finished-at="2021-06-14T00:44:36 IST" duration-ms="12205">
    <groups>
    </groups>
    <test started-at="2021-06-14T00:44:24 IST" name="Default test" finished-at="2021-06-14T00:44:36 IST" duration-ms="12205">
      <class name="com.cyient.Task1.SignUpTest">
        <test-method is-config="true" signature="setup()[pri:0, instance:com.cyient.Task1.SignUpTest@73700b80]" started-at="2021-06-14T00:44:26 IST" name="setup" finished-at="2021-06-14T00:44:34 IST" duration-ms="8357" status="PASS">
          <reporter-output>
          </reporter-output>
        </test-method> <!-- setup -->
        <test-method signature="testSingup(java.lang.String,java.lang.String,java.lang.String,java.lang.String)[pri:0, instance:com.cyient.Task1.SignUpTest@73700b80]" started-at="2021-06-14T00:44:34 IST" name="testSingup" data-provider="validCredentialExcelData" finished-at="2021-06-14T00:44:36 IST" duration-ms="1433" status="PASS">
          <params>
            <param index="0">
              <value>
                <![CDATA[Aditya]]>
              </value>
            </param>
            <param index="1">
              <value>
                <![CDATA[Kale]]>
              </value>
            </param>
            <param index="2">
              <value>
                <![CDATA[aditya@gmail.com]]>
              </value>
            </param>
            <param index="3">
              <value>
                <![CDATA[aditya17]]>
              </value>
            </param>
          </params>
          <reporter-output>
          </reporter-output>
        </test-method> <!-- testSingup -->
        <test-method is-config="true" signature="teardown()[pri:0, instance:com.cyient.Task1.SignUpTest@73700b80]" started-at="2021-06-14T00:44:36 IST" name="teardown" finished-at="2021-06-14T00:44:36 IST" duration-ms="0" status="PASS">
          <reporter-output>
          </reporter-output>
        </test-method> <!-- teardown -->
      </class> <!-- com.cyient.Task1.SignUpTest -->
    </test> <!-- Default test -->
  </suite> <!-- Default suite -->
</testng-results>
